[01-02 16:45:36]: [INFO] Created column 'regdate' and set the current timestamp, 1735836336850, to all 0 rows
[01-02 16:45:36]: [INFO] SQLite Setup finished
[01-02 16:45:36]: [INFO] No supported permissions system found! Permissions are disabled!
[01-02 16:45:37]: [WARN] WARNING! The protectInventory feature requires ProtocolLib! Disabling it...
[01-02 16:45:37]: [INFO] AuthMe 5.6.0 build n.CUSTOM successfully enabled!
[01-02 16:45:37]: [INFO] Downloading GEO IP database, because the old database is older than 30 days or doesn't exist
[01-02 16:45:37]: [WARN] No MaxMind credentials found in the configuration file! GeoIp protections will be disabled.
[01-02 16:45:37]: [INFO] There is no newer GEO IP database uploaded to MaxMind. Using the old one for now.
[01-02 16:45:37]: [WARN] Could not download GeoLiteAPI database [FileNotFoundException]: plugins/AuthMe/GeoLite2-Country.mmdb (No such file or directory)
[01-02 16:45:37]: java.io.FileNotFoundException: plugins/AuthMe/GeoLite2-Country.mmdb (No such file or directory)
	at java.io.RandomAccessFile.open0(Native Method)
	at java.io.RandomAccessFile.open(RandomAccessFile.java:316)
	at java.io.RandomAccessFile.<init>(RandomAccessFile.java:243)
	at fr.xephi.authme.libs.com.maxmind.db.BufferHolder.<init>(BufferHolder.java:20)
	at fr.xephi.authme.libs.com.maxmind.db.Reader.<init>(Reader.java:121)
	at fr.xephi.authme.service.GeoIpService.startReading(GeoIpService.java:179)
	at fr.xephi.authme.service.GeoIpService.updateDatabase(GeoIpService.java:150)
	at org.bukkit.craftbukkit.v1_8_R3.scheduler.CraftTask.run(CraftTask.java:59)
	at org.bukkit.craftbukkit.v1_8_R3.scheduler.CraftAsyncTask.run(CraftAsyncTask.java:53)
	at org.github.paperspigot.ServerSchedulerReportingWrapper.run(ServerSchedulerReportingWrapper.java:23)
	at java.util.concurrent.ThreadPoolExecutor.runWorker(ThreadPoolExecutor.java:1149)
	at java.util.concurrent.ThreadPoolExecutor$Worker.run(ThreadPoolExecutor.java:624)
	at java.lang.Thread.run(Thread.java:750)

[01-02 16:46:57]: [FINE] ToBiik_ registered 127.135.168.66
[01-02 16:46:57]: [FINE] ToBiik_ logged in 127.135.168.66
[01-02 16:50:20]: [INFO] AuthMe 5.6.0-bCUSTOM disabled!
[01-02 17:10:03]: [INFO] SQLite Setup finished
[01-02 17:10:03]: [INFO] No supported permissions system found! Permissions are disabled!
[01-02 17:10:03]: [WARN] WARNING! The protectInventory feature requires ProtocolLib! Disabling it...
[01-02 17:10:03]: [INFO] AuthMe 5.6.0 build n.CUSTOM successfully enabled!
[01-02 17:10:03]: [INFO] Downloading GEO IP database, because the old database is older than 30 days or doesn't exist
[01-02 17:10:03]: [WARN] No MaxMind credentials found in the configuration file! GeoIp protections will be disabled.
[01-02 17:10:03]: [INFO] There is no newer GEO IP database uploaded to MaxMind. Using the old one for now.
[01-02 17:10:03]: [WARN] Could not download GeoLiteAPI database [FileNotFoundException]: plugins/AuthMe/GeoLite2-Country.mmdb (No such file or directory)
[01-02 17:10:03]: java.io.FileNotFoundException: plugins/AuthMe/GeoLite2-Country.mmdb (No such file or directory)
	at java.io.RandomAccessFile.open0(Native Method)
	at java.io.RandomAccessFile.open(RandomAccessFile.java:316)
	at java.io.RandomAccessFile.<init>(RandomAccessFile.java:243)
	at fr.xephi.authme.libs.com.maxmind.db.BufferHolder.<init>(BufferHolder.java:20)
	at fr.xephi.authme.libs.com.maxmind.db.Reader.<init>(Reader.java:121)
	at fr.xephi.authme.service.GeoIpService.startReading(GeoIpService.java:179)
	at fr.xephi.authme.service.GeoIpService.updateDatabase(GeoIpService.java:150)
	at org.bukkit.craftbukkit.v1_8_R3.scheduler.CraftTask.run(CraftTask.java:59)
	at org.bukkit.craftbukkit.v1_8_R3.scheduler.CraftAsyncTask.run(CraftAsyncTask.java:53)
	at org.github.paperspigot.ServerSchedulerReportingWrapper.run(ServerSchedulerReportingWrapper.java:23)
	at java.util.concurrent.ThreadPoolExecutor.runWorker(ThreadPoolExecutor.java:1149)
	at java.util.concurrent.ThreadPoolExecutor$Worker.run(ThreadPoolExecutor.java:624)
	at java.lang.Thread.run(Thread.java:750)

[01-02 17:10:24]: [FINE] ToBiik_ logged in 127.135.168.66
[01-02 17:26:40]: [INFO] AuthMe 5.6.0-bCUSTOM disabled!
[01-02 17:38:59]: [INFO] SQLite Setup finished
[01-02 17:38:59]: [INFO] No supported permissions system found! Permissions are disabled!
[01-02 17:38:59]: [WARN] WARNING! The protectInventory feature requires ProtocolLib! Disabling it...
[01-02 17:38:59]: [INFO] AuthMe 5.6.0 build n.CUSTOM successfully enabled!
[01-02 17:38:59]: [INFO] Downloading GEO IP database, because the old database is older than 30 days or doesn't exist
[01-02 17:38:59]: [WARN] No MaxMind credentials found in the configuration file! GeoIp protections will be disabled.
[01-02 17:38:59]: [INFO] There is no newer GEO IP database uploaded to MaxMind. Using the old one for now.
[01-02 17:38:59]: [WARN] Could not download GeoLiteAPI database [FileNotFoundException]: plugins/AuthMe/GeoLite2-Country.mmdb (No such file or directory)
[01-02 17:38:59]: java.io.FileNotFoundException: plugins/AuthMe/GeoLite2-Country.mmdb (No such file or directory)
	at java.io.RandomAccessFile.open0(Native Method)
	at java.io.RandomAccessFile.open(RandomAccessFile.java:316)
	at java.io.RandomAccessFile.<init>(RandomAccessFile.java:243)
	at fr.xephi.authme.libs.com.maxmind.db.BufferHolder.<init>(BufferHolder.java:20)
	at fr.xephi.authme.libs.com.maxmind.db.Reader.<init>(Reader.java:121)
	at fr.xephi.authme.service.GeoIpService.startReading(GeoIpService.java:179)
	at fr.xephi.authme.service.GeoIpService.updateDatabase(GeoIpService.java:150)
	at org.bukkit.craftbukkit.v1_8_R3.scheduler.CraftTask.run(CraftTask.java:59)
	at org.bukkit.craftbukkit.v1_8_R3.scheduler.CraftAsyncTask.run(CraftAsyncTask.java:53)
	at org.github.paperspigot.ServerSchedulerReportingWrapper.run(ServerSchedulerReportingWrapper.java:23)
	at java.util.concurrent.ThreadPoolExecutor.runWorker(ThreadPoolExecutor.java:1149)
	at java.util.concurrent.ThreadPoolExecutor$Worker.run(ThreadPoolExecutor.java:624)
	at java.lang.Thread.run(Thread.java:750)

[01-02 17:39:29]: [FINE] ToBiik_ logged in 127.135.168.66
[01-02 17:54:26]: [FINE] Jairo_00 registered 127.135.168.66
[01-02 17:54:26]: [FINE] The user Jairo_00 has 2 accounts:
[01-02 17:54:26]: [FINE] §7tobiik_, §aJairo_00§7.
[01-02 17:54:26]: [FINE] Jairo_00 logged in 127.135.168.66
[01-02 18:00:23]: [FINE] The user ToBiik_ has 2 accounts:
[01-02 18:00:23]: [FINE] §7§aToBiik_§7, §aJairo_00§7.
[01-02 18:00:23]: [FINE] ToBiik_ logged in 127.135.168.66
[01-02 18:06:13]: [FINE] The user Jairo_00 has 2 accounts:
[01-02 18:06:13]: [FINE] §7§aToBiik_§7, §aJairo_00§7.
[01-02 18:06:13]: [FINE] Jairo_00 logged in 127.135.168.66
[01-02 18:09:08]: [FINE] The user Jairo_00 has 2 accounts:
[01-02 18:09:08]: [FINE] §7§aToBiik_§7, §aJairo_00§7.
[01-02 18:09:08]: [FINE] Jairo_00 logged in 127.135.168.66
[01-02 18:25:38]: [INFO] AuthMe 5.6.0-bCUSTOM disabled!
[01-02 18:26:43]: [INFO] SQLite Setup finished
[01-02 18:26:43]: [INFO] No supported permissions system found! Permissions are disabled!
[01-02 18:26:44]: [WARN] WARNING! The protectInventory feature requires ProtocolLib! Disabling it...
[01-02 18:26:44]: [INFO] AuthMe 5.6.0 build n.CUSTOM successfully enabled!
[01-02 18:26:44]: [INFO] Downloading GEO IP database, because the old database is older than 30 days or doesn't exist
[01-02 18:26:44]: [WARN] No MaxMind credentials found in the configuration file! GeoIp protections will be disabled.
[01-02 18:26:44]: [INFO] There is no newer GEO IP database uploaded to MaxMind. Using the old one for now.
[01-02 18:26:44]: [WARN] Could not download GeoLiteAPI database [FileNotFoundException]: plugins/AuthMe/GeoLite2-Country.mmdb (No such file or directory)
[01-02 18:26:44]: java.io.FileNotFoundException: plugins/AuthMe/GeoLite2-Country.mmdb (No such file or directory)
	at java.io.RandomAccessFile.open0(Native Method)
	at java.io.RandomAccessFile.open(RandomAccessFile.java:316)
	at java.io.RandomAccessFile.<init>(RandomAccessFile.java:243)
	at fr.xephi.authme.libs.com.maxmind.db.BufferHolder.<init>(BufferHolder.java:20)
	at fr.xephi.authme.libs.com.maxmind.db.Reader.<init>(Reader.java:121)
	at fr.xephi.authme.service.GeoIpService.startReading(GeoIpService.java:179)
	at fr.xephi.authme.service.GeoIpService.updateDatabase(GeoIpService.java:150)
	at org.bukkit.craftbukkit.v1_8_R3.scheduler.CraftTask.run(CraftTask.java:59)
	at org.bukkit.craftbukkit.v1_8_R3.scheduler.CraftAsyncTask.run(CraftAsyncTask.java:53)
	at org.github.paperspigot.ServerSchedulerReportingWrapper.run(ServerSchedulerReportingWrapper.java:23)
	at java.util.concurrent.ThreadPoolExecutor.runWorker(ThreadPoolExecutor.java:1149)
	at java.util.concurrent.ThreadPoolExecutor$Worker.run(ThreadPoolExecutor.java:624)
	at java.lang.Thread.run(Thread.java:750)

[01-02 18:27:00]: [FINE] The user ToBiik_ has 2 accounts:
[01-02 18:27:00]: [FINE] §7§aToBiik_§7, jairo_00.
[01-02 18:27:00]: [FINE] ToBiik_ logged in 127.135.168.66
[01-02 18:27:35]: [FINE] Jairo_00 used the wrong password
[01-02 18:28:02]: [FINE] The user Jairo_00 has 2 accounts:
[01-02 18:28:02]: [FINE] §7§aToBiik_§7, §aJairo_00§7.
[01-02 18:28:02]: [FINE] Jairo_00 logged in 127.135.168.66
[01-02 18:36:19]: [FINE] The user Jairo_00 has 2 accounts:
[01-02 18:36:19]: [FINE] §7§aToBiik_§7, §aJairo_00§7.
[01-02 18:36:19]: [FINE] Jairo_00 logged in 127.135.168.66
[01-02 18:57:40]: [INFO] AuthMe 5.6.0-bCUSTOM disabled!
[01-02 18:58:10]: [INFO] SQLite Setup finished
[01-02 18:58:10]: [INFO] No supported permissions system found! Permissions are disabled!
[01-02 18:58:11]: [WARN] WARNING! The protectInventory feature requires ProtocolLib! Disabling it...
[01-02 18:58:11]: [INFO] AuthMe 5.6.0 build n.CUSTOM successfully enabled!
[01-02 18:58:11]: [INFO] Downloading GEO IP database, because the old database is older than 30 days or doesn't exist
[01-02 18:58:11]: [WARN] No MaxMind credentials found in the configuration file! GeoIp protections will be disabled.
[01-02 18:58:11]: [INFO] There is no newer GEO IP database uploaded to MaxMind. Using the old one for now.
[01-02 18:58:11]: [WARN] Could not download GeoLiteAPI database [FileNotFoundException]: plugins/AuthMe/GeoLite2-Country.mmdb (No such file or directory)
[01-02 18:58:11]: java.io.FileNotFoundException: plugins/AuthMe/GeoLite2-Country.mmdb (No such file or directory)
	at java.io.RandomAccessFile.open0(Native Method)
	at java.io.RandomAccessFile.open(RandomAccessFile.java:316)
	at java.io.RandomAccessFile.<init>(RandomAccessFile.java:243)
	at fr.xephi.authme.libs.com.maxmind.db.BufferHolder.<init>(BufferHolder.java:20)
	at fr.xephi.authme.libs.com.maxmind.db.Reader.<init>(Reader.java:121)
	at fr.xephi.authme.service.GeoIpService.startReading(GeoIpService.java:179)
	at fr.xephi.authme.service.GeoIpService.updateDatabase(GeoIpService.java:150)
	at org.bukkit.craftbukkit.v1_8_R3.scheduler.CraftTask.run(CraftTask.java:59)
	at org.bukkit.craftbukkit.v1_8_R3.scheduler.CraftAsyncTask.run(CraftAsyncTask.java:53)
	at org.github.paperspigot.ServerSchedulerReportingWrapper.run(ServerSchedulerReportingWrapper.java:23)
	at java.util.concurrent.ThreadPoolExecutor.runWorker(ThreadPoolExecutor.java:1149)
	at java.util.concurrent.ThreadPoolExecutor$Worker.run(ThreadPoolExecutor.java:624)
	at java.lang.Thread.run(Thread.java:750)

[01-02 18:58:42]: [FINE] The user ToBiik_ has 2 accounts:
[01-02 18:58:42]: [FINE] §7§aToBiik_§7, jairo_00.
[01-02 18:58:42]: [FINE] ToBiik_ logged in 127.135.168.66
[01-02 19:05:34]: [INFO] AuthMe 5.6.0-bCUSTOM disabled!
[01-02 19:06:36]: [INFO] SQLite Setup finished
[01-02 19:06:36]: [INFO] No supported permissions system found! Permissions are disabled!
[01-02 19:06:36]: [WARN] WARNING! The protectInventory feature requires ProtocolLib! Disabling it...
[01-02 19:06:36]: [INFO] AuthMe 5.6.0 build n.CUSTOM successfully enabled!
[01-02 19:06:37]: [INFO] Downloading GEO IP database, because the old database is older than 30 days or doesn't exist
[01-02 19:06:37]: [WARN] No MaxMind credentials found in the configuration file! GeoIp protections will be disabled.
[01-02 19:06:37]: [INFO] There is no newer GEO IP database uploaded to MaxMind. Using the old one for now.
[01-02 19:06:37]: [WARN] Could not download GeoLiteAPI database [FileNotFoundException]: plugins/AuthMe/GeoLite2-Country.mmdb (No such file or directory)
[01-02 19:06:37]: java.io.FileNotFoundException: plugins/AuthMe/GeoLite2-Country.mmdb (No such file or directory)
	at java.io.RandomAccessFile.open0(Native Method)
	at java.io.RandomAccessFile.open(RandomAccessFile.java:316)
	at java.io.RandomAccessFile.<init>(RandomAccessFile.java:243)
	at fr.xephi.authme.libs.com.maxmind.db.BufferHolder.<init>(BufferHolder.java:20)
	at fr.xephi.authme.libs.com.maxmind.db.Reader.<init>(Reader.java:121)
	at fr.xephi.authme.service.GeoIpService.startReading(GeoIpService.java:179)
	at fr.xephi.authme.service.GeoIpService.updateDatabase(GeoIpService.java:150)
	at org.bukkit.craftbukkit.v1_8_R3.scheduler.CraftTask.run(CraftTask.java:59)
	at org.bukkit.craftbukkit.v1_8_R3.scheduler.CraftAsyncTask.run(CraftAsyncTask.java:53)
	at org.github.paperspigot.ServerSchedulerReportingWrapper.run(ServerSchedulerReportingWrapper.java:23)
	at java.util.concurrent.ThreadPoolExecutor.runWorker(ThreadPoolExecutor.java:1149)
	at java.util.concurrent.ThreadPoolExecutor$Worker.run(ThreadPoolExecutor.java:624)
	at java.lang.Thread.run(Thread.java:750)

[01-02 19:09:21]: [FINE] The user ToBiik_ has 2 accounts:
[01-02 19:09:21]: [FINE] §7§aToBiik_§7, jairo_00.
[01-02 19:09:21]: [FINE] ToBiik_ logged in 127.135.168.66
[01-02 19:15:10]: [INFO] AuthMe 5.6.0-bCUSTOM disabled!
[01-02 19:37:37]: [INFO] SQLite Setup finished
[01-02 19:37:37]: [INFO] No supported permissions system found! Permissions are disabled!
[01-02 19:37:37]: [WARN] WARNING! The protectInventory feature requires ProtocolLib! Disabling it...
[01-02 19:37:37]: [INFO] AuthMe 5.6.0 build n.CUSTOM successfully enabled!
[01-02 19:37:38]: [INFO] Downloading GEO IP database, because the old database is older than 30 days or doesn't exist
[01-02 19:37:38]: [WARN] No MaxMind credentials found in the configuration file! GeoIp protections will be disabled.
[01-02 19:37:38]: [INFO] There is no newer GEO IP database uploaded to MaxMind. Using the old one for now.
[01-02 19:37:38]: [WARN] Could not download GeoLiteAPI database [FileNotFoundException]: plugins/AuthMe/GeoLite2-Country.mmdb (No such file or directory)
[01-02 19:37:38]: java.io.FileNotFoundException: plugins/AuthMe/GeoLite2-Country.mmdb (No such file or directory)
	at java.io.RandomAccessFile.open0(Native Method)
	at java.io.RandomAccessFile.open(RandomAccessFile.java:316)
	at java.io.RandomAccessFile.<init>(RandomAccessFile.java:243)
	at fr.xephi.authme.libs.com.maxmind.db.BufferHolder.<init>(BufferHolder.java:20)
	at fr.xephi.authme.libs.com.maxmind.db.Reader.<init>(Reader.java:121)
	at fr.xephi.authme.service.GeoIpService.startReading(GeoIpService.java:179)
	at fr.xephi.authme.service.GeoIpService.updateDatabase(GeoIpService.java:150)
	at org.bukkit.craftbukkit.v1_8_R3.scheduler.CraftTask.run(CraftTask.java:59)
	at org.bukkit.craftbukkit.v1_8_R3.scheduler.CraftAsyncTask.run(CraftAsyncTask.java:53)
	at org.github.paperspigot.ServerSchedulerReportingWrapper.run(ServerSchedulerReportingWrapper.java:23)
	at java.util.concurrent.ThreadPoolExecutor.runWorker(ThreadPoolExecutor.java:1149)
	at java.util.concurrent.ThreadPoolExecutor$Worker.run(ThreadPoolExecutor.java:624)
	at java.lang.Thread.run(Thread.java:750)

[01-02 19:38:04]: [FINE] The user ToBiik_ has 2 accounts:
[01-02 19:38:04]: [FINE] §7§aToBiik_§7, jairo_00.
[01-02 19:38:04]: [FINE] ToBiik_ logged in 127.135.168.66
[01-02 19:54:30]: [INFO] AuthMe 5.6.0-bCUSTOM disabled!
[01-02 19:57:41]: [INFO] SQLite Setup finished
[01-02 19:57:42]: [INFO] No supported permissions system found! Permissions are disabled!
[01-02 19:57:42]: [WARN] WARNING! The protectInventory feature requires ProtocolLib! Disabling it...
[01-02 19:57:42]: [INFO] AuthMe 5.6.0 build n.CUSTOM successfully enabled!
[01-02 19:57:43]: [INFO] Downloading GEO IP database, because the old database is older than 30 days or doesn't exist
[01-02 19:57:43]: [WARN] No MaxMind credentials found in the configuration file! GeoIp protections will be disabled.
[01-02 19:57:43]: [INFO] There is no newer GEO IP database uploaded to MaxMind. Using the old one for now.
[01-02 19:57:43]: [WARN] Could not download GeoLiteAPI database [FileNotFoundException]: plugins/AuthMe/GeoLite2-Country.mmdb (No such file or directory)
[01-02 19:57:43]: java.io.FileNotFoundException: plugins/AuthMe/GeoLite2-Country.mmdb (No such file or directory)
	at java.io.RandomAccessFile.open0(Native Method)
	at java.io.RandomAccessFile.open(RandomAccessFile.java:316)
	at java.io.RandomAccessFile.<init>(RandomAccessFile.java:243)
	at fr.xephi.authme.libs.com.maxmind.db.BufferHolder.<init>(BufferHolder.java:20)
	at fr.xephi.authme.libs.com.maxmind.db.Reader.<init>(Reader.java:121)
	at fr.xephi.authme.service.GeoIpService.startReading(GeoIpService.java:179)
	at fr.xephi.authme.service.GeoIpService.updateDatabase(GeoIpService.java:150)
	at org.bukkit.craftbukkit.v1_8_R3.scheduler.CraftTask.run(CraftTask.java:59)
	at org.bukkit.craftbukkit.v1_8_R3.scheduler.CraftAsyncTask.run(CraftAsyncTask.java:53)
	at org.github.paperspigot.ServerSchedulerReportingWrapper.run(ServerSchedulerReportingWrapper.java:23)
	at java.util.concurrent.ThreadPoolExecutor.runWorker(ThreadPoolExecutor.java:1149)
	at java.util.concurrent.ThreadPoolExecutor$Worker.run(ThreadPoolExecutor.java:624)
	at java.lang.Thread.run(Thread.java:750)

[01-02 19:58:15]: [FINE] The user ToBiik_ has 2 accounts:
[01-02 19:58:15]: [FINE] §7§aToBiik_§7, jairo_00.
[01-02 19:58:15]: [FINE] ToBiik_ logged in 127.135.168.66
[01-02 20:01:24]: [INFO] AuthMe 5.6.0-bCUSTOM disabled!
[01-02 20:08:50]: [INFO] SQLite Setup finished
[01-02 20:08:50]: [INFO] Hooked into LuckPerms!
[01-02 20:08:51]: [WARN] WARNING! The protectInventory feature requires ProtocolLib! Disabling it...
[01-02 20:08:51]: [INFO] AuthMe 5.6.0 build n.CUSTOM successfully enabled!
[01-02 20:08:51]: [INFO] Downloading GEO IP database, because the old database is older than 30 days or doesn't exist
[01-02 20:08:51]: [WARN] No MaxMind credentials found in the configuration file! GeoIp protections will be disabled.
[01-02 20:08:51]: [INFO] There is no newer GEO IP database uploaded to MaxMind. Using the old one for now.
[01-02 20:08:51]: [WARN] Could not download GeoLiteAPI database [FileNotFoundException]: plugins/AuthMe/GeoLite2-Country.mmdb (No such file or directory)
[01-02 20:08:51]: java.io.FileNotFoundException: plugins/AuthMe/GeoLite2-Country.mmdb (No such file or directory)
	at java.io.RandomAccessFile.open0(Native Method)
	at java.io.RandomAccessFile.open(RandomAccessFile.java:316)
	at java.io.RandomAccessFile.<init>(RandomAccessFile.java:243)
	at fr.xephi.authme.libs.com.maxmind.db.BufferHolder.<init>(BufferHolder.java:20)
	at fr.xephi.authme.libs.com.maxmind.db.Reader.<init>(Reader.java:121)
	at fr.xephi.authme.service.GeoIpService.startReading(GeoIpService.java:179)
	at fr.xephi.authme.service.GeoIpService.updateDatabase(GeoIpService.java:150)
	at org.bukkit.craftbukkit.v1_8_R3.scheduler.CraftTask.run(CraftTask.java:59)
	at org.bukkit.craftbukkit.v1_8_R3.scheduler.CraftAsyncTask.run(CraftAsyncTask.java:53)
	at org.github.paperspigot.ServerSchedulerReportingWrapper.run(ServerSchedulerReportingWrapper.java:23)
	at java.util.concurrent.ThreadPoolExecutor.runWorker(ThreadPoolExecutor.java:1149)
	at java.util.concurrent.ThreadPoolExecutor$Worker.run(ThreadPoolExecutor.java:624)
	at java.lang.Thread.run(Thread.java:750)

[01-02 20:09:14]: [FINE] The user ToBiik_ has 2 accounts:
[01-02 20:09:14]: [FINE] §7§aToBiik_§7, jairo_00.
[01-02 20:09:14]: [FINE] ToBiik_ logged in 127.135.168.66
[01-02 20:16:44]: [INFO] AuthMe 5.6.0-bCUSTOM disabled!
[01-02 20:17:31]: [INFO] SQLite Setup finished
[01-02 20:17:31]: [INFO] Hooked into LuckPerms!
[01-02 20:17:31]: [WARN] WARNING! The protectInventory feature requires ProtocolLib! Disabling it...
[01-02 20:17:32]: [INFO] AuthMe 5.6.0 build n.CUSTOM successfully enabled!
[01-02 20:17:32]: [INFO] Downloading GEO IP database, because the old database is older than 30 days or doesn't exist
[01-02 20:17:32]: [WARN] No MaxMind credentials found in the configuration file! GeoIp protections will be disabled.
[01-02 20:17:32]: [INFO] There is no newer GEO IP database uploaded to MaxMind. Using the old one for now.
[01-02 20:17:32]: [WARN] Could not download GeoLiteAPI database [FileNotFoundException]: plugins/AuthMe/GeoLite2-Country.mmdb (No such file or directory)
[01-02 20:17:32]: java.io.FileNotFoundException: plugins/AuthMe/GeoLite2-Country.mmdb (No such file or directory)
	at java.io.RandomAccessFile.open0(Native Method)
	at java.io.RandomAccessFile.open(RandomAccessFile.java:316)
	at java.io.RandomAccessFile.<init>(RandomAccessFile.java:243)
	at fr.xephi.authme.libs.com.maxmind.db.BufferHolder.<init>(BufferHolder.java:20)
	at fr.xephi.authme.libs.com.maxmind.db.Reader.<init>(Reader.java:121)
	at fr.xephi.authme.service.GeoIpService.startReading(GeoIpService.java:179)
	at fr.xephi.authme.service.GeoIpService.updateDatabase(GeoIpService.java:150)
	at org.bukkit.craftbukkit.v1_8_R3.scheduler.CraftTask.run(CraftTask.java:59)
	at org.bukkit.craftbukkit.v1_8_R3.scheduler.CraftAsyncTask.run(CraftAsyncTask.java:53)
	at org.github.paperspigot.ServerSchedulerReportingWrapper.run(ServerSchedulerReportingWrapper.java:23)
	at java.util.concurrent.ThreadPoolExecutor.runWorker(ThreadPoolExecutor.java:1149)
	at java.util.concurrent.ThreadPoolExecutor$Worker.run(ThreadPoolExecutor.java:624)
	at java.lang.Thread.run(Thread.java:750)

[01-02 20:21:52]: [FINE] The user ToBiik_ has 2 accounts:
[01-02 20:21:52]: [FINE] §7§aToBiik_§7, jairo_00.
[01-02 20:21:52]: [FINE] ToBiik_ logged in 127.135.168.66
[01-02 20:25:57]: [FINE] ToBiik_02 registered 127.135.168.66
[01-02 20:25:57]: [FINE] The user ToBiik_02 has 3 accounts:
[01-02 20:25:57]: [FINE] §7tobiik_, jairo_00, §aToBiik_02§7.
[01-02 20:25:57]: [FINE] ToBiik_02 logged in 127.135.168.66
[01-02 20:28:54]: [INFO] AuthMe 5.6.0-bCUSTOM disabled!
[01-02 20:34:06]: [INFO] SQLite Setup finished
[01-02 20:34:06]: [INFO] Hooked into LuckPerms!
[01-02 20:34:06]: [WARN] WARNING! The protectInventory feature requires ProtocolLib! Disabling it...
[01-02 20:34:06]: [INFO] AuthMe 5.6.0 build n.CUSTOM successfully enabled!
[01-02 20:34:07]: [INFO] Downloading GEO IP database, because the old database is older than 30 days or doesn't exist
[01-02 20:34:07]: [WARN] No MaxMind credentials found in the configuration file! GeoIp protections will be disabled.
[01-02 20:34:07]: [INFO] There is no newer GEO IP database uploaded to MaxMind. Using the old one for now.
[01-02 20:34:07]: [WARN] Could not download GeoLiteAPI database [FileNotFoundException]: plugins/AuthMe/GeoLite2-Country.mmdb (No such file or directory)
[01-02 20:34:07]: java.io.FileNotFoundException: plugins/AuthMe/GeoLite2-Country.mmdb (No such file or directory)
	at java.io.RandomAccessFile.open0(Native Method)
	at java.io.RandomAccessFile.open(RandomAccessFile.java:316)
	at java.io.RandomAccessFile.<init>(RandomAccessFile.java:243)
	at fr.xephi.authme.libs.com.maxmind.db.BufferHolder.<init>(BufferHolder.java:20)
	at fr.xephi.authme.libs.com.maxmind.db.Reader.<init>(Reader.java:121)
	at fr.xephi.authme.service.GeoIpService.startReading(GeoIpService.java:179)
	at fr.xephi.authme.service.GeoIpService.updateDatabase(GeoIpService.java:150)
	at org.bukkit.craftbukkit.v1_8_R3.scheduler.CraftTask.run(CraftTask.java:59)
	at org.bukkit.craftbukkit.v1_8_R3.scheduler.CraftAsyncTask.run(CraftAsyncTask.java:53)
	at org.github.paperspigot.ServerSchedulerReportingWrapper.run(ServerSchedulerReportingWrapper.java:23)
	at java.util.concurrent.ThreadPoolExecutor.runWorker(ThreadPoolExecutor.java:1149)
	at java.util.concurrent.ThreadPoolExecutor$Worker.run(ThreadPoolExecutor.java:624)
	at java.lang.Thread.run(Thread.java:750)

[01-02 20:34:42]: [FINE] The user ToBiik_02 has 3 accounts:
[01-02 20:34:42]: [FINE] §7tobiik_, jairo_00, §aToBiik_02§7.
[01-02 20:34:42]: [FINE] ToBiik_02 logged in 127.135.168.66
[01-02 20:34:54]: [FINE] The user ToBiik_ has 3 accounts:
[01-02 20:34:54]: [FINE] §7§aToBiik_§7, jairo_00, §aToBiik_02§7.
[01-02 20:34:54]: [FINE] ToBiik_ logged in 127.135.168.66
[01-02 20:38:04]: [FINE] The user Jairo_00 has 3 accounts:
[01-02 20:38:04]: [FINE] §7tobiik_, §aJairo_00§7, §aToBiik_02§7.
[01-02 20:38:04]: [FINE] Jairo_00 logged in 127.135.168.66
[01-02 20:38:26]: [FINE] The user ToBiik_ has 3 accounts:
[01-02 20:38:26]: [FINE] §7§aToBiik_§7, jairo_00, tobiik_02.
[01-02 20:38:26]: [FINE] ToBiik_ logged in 127.135.168.66
[01-02 20:43:49]: [INFO] AuthMe 5.6.0-bCUSTOM disabled!
[01-02 20:44:12]: [INFO] SQLite Setup finished
[01-02 20:44:12]: [INFO] Hooked into LuckPerms!
[01-02 20:44:12]: [WARN] WARNING! The protectInventory feature requires ProtocolLib! Disabling it...
[01-02 20:44:12]: [INFO] AuthMe 5.6.0 build n.CUSTOM successfully enabled!
[01-02 20:44:12]: [INFO] Downloading GEO IP database, because the old database is older than 30 days or doesn't exist
[01-02 20:44:12]: [WARN] No MaxMind credentials found in the configuration file! GeoIp protections will be disabled.
[01-02 20:44:12]: [INFO] There is no newer GEO IP database uploaded to MaxMind. Using the old one for now.
[01-02 20:44:12]: [WARN] Could not download GeoLiteAPI database [FileNotFoundException]: plugins/AuthMe/GeoLite2-Country.mmdb (No such file or directory)
[01-02 20:44:12]: java.io.FileNotFoundException: plugins/AuthMe/GeoLite2-Country.mmdb (No such file or directory)
	at java.io.RandomAccessFile.open0(Native Method)
	at java.io.RandomAccessFile.open(RandomAccessFile.java:316)
	at java.io.RandomAccessFile.<init>(RandomAccessFile.java:243)
	at fr.xephi.authme.libs.com.maxmind.db.BufferHolder.<init>(BufferHolder.java:20)
	at fr.xephi.authme.libs.com.maxmind.db.Reader.<init>(Reader.java:121)
	at fr.xephi.authme.service.GeoIpService.startReading(GeoIpService.java:179)
	at fr.xephi.authme.service.GeoIpService.updateDatabase(GeoIpService.java:150)
	at org.bukkit.craftbukkit.v1_8_R3.scheduler.CraftTask.run(CraftTask.java:59)
	at org.bukkit.craftbukkit.v1_8_R3.scheduler.CraftAsyncTask.run(CraftAsyncTask.java:53)
	at org.github.paperspigot.ServerSchedulerReportingWrapper.run(ServerSchedulerReportingWrapper.java:23)
	at java.util.concurrent.ThreadPoolExecutor.runWorker(ThreadPoolExecutor.java:1149)
	at java.util.concurrent.ThreadPoolExecutor$Worker.run(ThreadPoolExecutor.java:624)
	at java.lang.Thread.run(Thread.java:750)

[01-02 20:44:31]: [FINE] The user ToBiik_02 has 3 accounts:
[01-02 20:44:31]: [FINE] §7tobiik_, jairo_00, §aToBiik_02§7.
[01-02 20:44:31]: [FINE] ToBiik_02 logged in 127.135.168.66
[01-02 20:44:38]: [FINE] The user ToBiik_ has 3 accounts:
[01-02 20:44:38]: [FINE] §7§aToBiik_§7, jairo_00, §aToBiik_02§7.
[01-02 20:44:38]: [FINE] ToBiik_ logged in 127.135.168.66
[01-02 20:49:15]: [INFO] AuthMe 5.6.0-bCUSTOM disabled!
[01-02 20:57:22]: [INFO] SQLite Setup finished
[01-02 20:57:22]: [INFO] Hooked into LuckPerms!
[01-02 20:57:22]: [WARN] WARNING! The protectInventory feature requires ProtocolLib! Disabling it...
[01-02 20:57:22]: [INFO] AuthMe 5.6.0 build n.CUSTOM successfully enabled!
[01-02 20:57:23]: [INFO] Downloading GEO IP database, because the old database is older than 30 days or doesn't exist
[01-02 20:57:23]: [WARN] No MaxMind credentials found in the configuration file! GeoIp protections will be disabled.
[01-02 20:57:23]: [INFO] There is no newer GEO IP database uploaded to MaxMind. Using the old one for now.
[01-02 20:57:23]: [WARN] Could not download GeoLiteAPI database [FileNotFoundException]: plugins/AuthMe/GeoLite2-Country.mmdb (No such file or directory)
[01-02 20:57:23]: java.io.FileNotFoundException: plugins/AuthMe/GeoLite2-Country.mmdb (No such file or directory)
	at java.io.RandomAccessFile.open0(Native Method)
	at java.io.RandomAccessFile.open(RandomAccessFile.java:316)
	at java.io.RandomAccessFile.<init>(RandomAccessFile.java:243)
	at fr.xephi.authme.libs.com.maxmind.db.BufferHolder.<init>(BufferHolder.java:20)
	at fr.xephi.authme.libs.com.maxmind.db.Reader.<init>(Reader.java:121)
	at fr.xephi.authme.service.GeoIpService.startReading(GeoIpService.java:179)
	at fr.xephi.authme.service.GeoIpService.updateDatabase(GeoIpService.java:150)
	at org.bukkit.craftbukkit.v1_8_R3.scheduler.CraftTask.run(CraftTask.java:59)
	at org.bukkit.craftbukkit.v1_8_R3.scheduler.CraftAsyncTask.run(CraftAsyncTask.java:53)
	at org.github.paperspigot.ServerSchedulerReportingWrapper.run(ServerSchedulerReportingWrapper.java:23)
	at java.util.concurrent.ThreadPoolExecutor.runWorker(ThreadPoolExecutor.java:1149)
	at java.util.concurrent.ThreadPoolExecutor$Worker.run(ThreadPoolExecutor.java:624)
	at java.lang.Thread.run(Thread.java:750)

[01-02 20:57:49]: [FINE] The user ToBiik_ has 3 accounts:
[01-02 20:57:49]: [FINE] §7§aToBiik_§7, jairo_00, tobiik_02.
[01-02 20:57:49]: [FINE] ToBiik_ logged in 127.135.168.66
[01-02 21:06:38]: [INFO] AuthMe 5.6.0-bCUSTOM disabled!
[01-02 21:14:28]: [INFO] SQLite Setup finished
[01-02 21:14:28]: [INFO] Hooked into LuckPerms!
[01-02 21:14:28]: [WARN] WARNING! The protectInventory feature requires ProtocolLib! Disabling it...
[01-02 21:14:28]: [INFO] AuthMe 5.6.0 build n.CUSTOM successfully enabled!
[01-02 21:14:29]: [INFO] Downloading GEO IP database, because the old database is older than 30 days or doesn't exist
[01-02 21:14:29]: [WARN] No MaxMind credentials found in the configuration file! GeoIp protections will be disabled.
[01-02 21:14:29]: [INFO] There is no newer GEO IP database uploaded to MaxMind. Using the old one for now.
[01-02 21:14:29]: [WARN] Could not download GeoLiteAPI database [FileNotFoundException]: plugins/AuthMe/GeoLite2-Country.mmdb (No such file or directory)
[01-02 21:14:29]: java.io.FileNotFoundException: plugins/AuthMe/GeoLite2-Country.mmdb (No such file or directory)
	at java.io.RandomAccessFile.open0(Native Method)
	at java.io.RandomAccessFile.open(RandomAccessFile.java:316)
	at java.io.RandomAccessFile.<init>(RandomAccessFile.java:243)
	at fr.xephi.authme.libs.com.maxmind.db.BufferHolder.<init>(BufferHolder.java:20)
	at fr.xephi.authme.libs.com.maxmind.db.Reader.<init>(Reader.java:121)
	at fr.xephi.authme.service.GeoIpService.startReading(GeoIpService.java:179)
	at fr.xephi.authme.service.GeoIpService.updateDatabase(GeoIpService.java:150)
	at org.bukkit.craftbukkit.v1_8_R3.scheduler.CraftTask.run(CraftTask.java:59)
	at org.bukkit.craftbukkit.v1_8_R3.scheduler.CraftAsyncTask.run(CraftAsyncTask.java:53)
	at org.github.paperspigot.ServerSchedulerReportingWrapper.run(ServerSchedulerReportingWrapper.java:23)
	at java.util.concurrent.ThreadPoolExecutor.runWorker(ThreadPoolExecutor.java:1149)
	at java.util.concurrent.ThreadPoolExecutor$Worker.run(ThreadPoolExecutor.java:624)
	at java.lang.Thread.run(Thread.java:750)

[01-02 21:16:05]: [INFO] AuthMe 5.6.0-bCUSTOM disabled!
[01-02 21:20:15]: [INFO] SQLite Setup finished
[01-02 21:20:15]: [INFO] No supported permissions system found! Permissions are disabled!
[01-02 21:20:15]: [WARN] WARNING! The protectInventory feature requires ProtocolLib! Disabling it...
[01-02 21:20:15]: [INFO] AuthMe 5.6.0 build n.CUSTOM successfully enabled!
[01-02 21:20:16]: [INFO] Downloading GEO IP database, because the old database is older than 30 days or doesn't exist
[01-02 21:20:16]: [WARN] No MaxMind credentials found in the configuration file! GeoIp protections will be disabled.
[01-02 21:20:16]: [INFO] There is no newer GEO IP database uploaded to MaxMind. Using the old one for now.
[01-02 21:20:16]: [WARN] Could not download GeoLiteAPI database [FileNotFoundException]: plugins/AuthMe/GeoLite2-Country.mmdb (No such file or directory)
[01-02 21:20:16]: java.io.FileNotFoundException: plugins/AuthMe/GeoLite2-Country.mmdb (No such file or directory)
	at java.io.RandomAccessFile.open0(Native Method)
	at java.io.RandomAccessFile.open(RandomAccessFile.java:316)
	at java.io.RandomAccessFile.<init>(RandomAccessFile.java:243)
	at fr.xephi.authme.libs.com.maxmind.db.BufferHolder.<init>(BufferHolder.java:20)
	at fr.xephi.authme.libs.com.maxmind.db.Reader.<init>(Reader.java:121)
	at fr.xephi.authme.service.GeoIpService.startReading(GeoIpService.java:179)
	at fr.xephi.authme.service.GeoIpService.updateDatabase(GeoIpService.java:150)
	at org.bukkit.craftbukkit.v1_8_R3.scheduler.CraftTask.run(CraftTask.java:59)
	at org.bukkit.craftbukkit.v1_8_R3.scheduler.CraftAsyncTask.run(CraftAsyncTask.java:53)
	at org.github.paperspigot.ServerSchedulerReportingWrapper.run(ServerSchedulerReportingWrapper.java:23)
	at java.util.concurrent.ThreadPoolExecutor.runWorker(ThreadPoolExecutor.java:1149)
	at java.util.concurrent.ThreadPoolExecutor$Worker.run(ThreadPoolExecutor.java:624)
	at java.lang.Thread.run(Thread.java:750)

[01-02 21:20:50]: [FINE] The user ToBiik_ has 3 accounts:
[01-02 21:20:50]: [FINE] §7§aToBiik_§7, jairo_00, tobiik_02.
[01-02 21:20:50]: [FINE] ToBiik_ logged in 127.135.168.66
[01-02 21:21:29]: [INFO] AuthMe 5.6.0-bCUSTOM disabled!
[01-02 21:28:30]: [INFO] SQLite Setup finished
[01-02 21:28:30]: [INFO] No supported permissions system found! Permissions are disabled!
[01-02 21:28:30]: [WARN] WARNING! The protectInventory feature requires ProtocolLib! Disabling it...
[01-02 21:28:31]: [INFO] AuthMe 5.6.0 build n.CUSTOM successfully enabled!
[01-02 21:28:31]: [INFO] Downloading GEO IP database, because the old database is older than 30 days or doesn't exist
[01-02 21:28:31]: [WARN] No MaxMind credentials found in the configuration file! GeoIp protections will be disabled.
[01-02 21:28:31]: [INFO] There is no newer GEO IP database uploaded to MaxMind. Using the old one for now.
[01-02 21:28:31]: [WARN] Could not download GeoLiteAPI database [FileNotFoundException]: plugins/AuthMe/GeoLite2-Country.mmdb (No such file or directory)
[01-02 21:28:31]: java.io.FileNotFoundException: plugins/AuthMe/GeoLite2-Country.mmdb (No such file or directory)
	at java.io.RandomAccessFile.open0(Native Method)
	at java.io.RandomAccessFile.open(RandomAccessFile.java:316)
	at java.io.RandomAccessFile.<init>(RandomAccessFile.java:243)
	at fr.xephi.authme.libs.com.maxmind.db.BufferHolder.<init>(BufferHolder.java:20)
	at fr.xephi.authme.libs.com.maxmind.db.Reader.<init>(Reader.java:121)
	at fr.xephi.authme.service.GeoIpService.startReading(GeoIpService.java:179)
	at fr.xephi.authme.service.GeoIpService.updateDatabase(GeoIpService.java:150)
	at org.bukkit.craftbukkit.v1_8_R3.scheduler.CraftTask.run(CraftTask.java:59)
	at org.bukkit.craftbukkit.v1_8_R3.scheduler.CraftAsyncTask.run(CraftAsyncTask.java:53)
	at org.github.paperspigot.ServerSchedulerReportingWrapper.run(ServerSchedulerReportingWrapper.java:23)
	at java.util.concurrent.ThreadPoolExecutor.runWorker(ThreadPoolExecutor.java:1149)
	at java.util.concurrent.ThreadPoolExecutor$Worker.run(ThreadPoolExecutor.java:624)
	at java.lang.Thread.run(Thread.java:750)

[01-02 21:28:44]: [FINE] The user ToBiik_ has 3 accounts:
[01-02 21:28:44]: [FINE] §7§aToBiik_§7, jairo_00, tobiik_02.
[01-02 21:28:44]: [FINE] ToBiik_ logged in 127.135.168.66
[01-02 21:31:49]: [INFO] AuthMe 5.6.0-bCUSTOM disabled!
[01-02 21:52:26]: [INFO] SQLite Setup finished
[01-02 21:52:26]: [INFO] No supported permissions system found! Permissions are disabled!
[01-02 21:52:26]: [WARN] WARNING! The protectInventory feature requires ProtocolLib! Disabling it...
[01-02 21:52:26]: [INFO] AuthMe 5.6.0 build n.CUSTOM successfully enabled!
[01-02 21:52:27]: [INFO] Downloading GEO IP database, because the old database is older than 30 days or doesn't exist
[01-02 21:52:27]: [WARN] No MaxMind credentials found in the configuration file! GeoIp protections will be disabled.
[01-02 21:52:27]: [INFO] There is no newer GEO IP database uploaded to MaxMind. Using the old one for now.
[01-02 21:52:27]: [WARN] Could not download GeoLiteAPI database [FileNotFoundException]: plugins/AuthMe/GeoLite2-Country.mmdb (No such file or directory)
[01-02 21:52:27]: java.io.FileNotFoundException: plugins/AuthMe/GeoLite2-Country.mmdb (No such file or directory)
	at java.io.RandomAccessFile.open0(Native Method)
	at java.io.RandomAccessFile.open(RandomAccessFile.java:316)
	at java.io.RandomAccessFile.<init>(RandomAccessFile.java:243)
	at fr.xephi.authme.libs.com.maxmind.db.BufferHolder.<init>(BufferHolder.java:20)
	at fr.xephi.authme.libs.com.maxmind.db.Reader.<init>(Reader.java:121)
	at fr.xephi.authme.service.GeoIpService.startReading(GeoIpService.java:179)
	at fr.xephi.authme.service.GeoIpService.updateDatabase(GeoIpService.java:150)
	at org.bukkit.craftbukkit.v1_8_R3.scheduler.CraftTask.run(CraftTask.java:59)
	at org.bukkit.craftbukkit.v1_8_R3.scheduler.CraftAsyncTask.run(CraftAsyncTask.java:53)
	at org.github.paperspigot.ServerSchedulerReportingWrapper.run(ServerSchedulerReportingWrapper.java:23)
	at java.util.concurrent.ThreadPoolExecutor.runWorker(ThreadPoolExecutor.java:1149)
	at java.util.concurrent.ThreadPoolExecutor$Worker.run(ThreadPoolExecutor.java:624)
	at java.lang.Thread.run(Thread.java:750)

[01-02 21:52:42]: [FINE] The user ToBiik_ has 3 accounts:
[01-02 21:52:42]: [FINE] §7§aToBiik_§7, jairo_00, tobiik_02.
[01-02 21:52:42]: [FINE] ToBiik_ logged in 127.135.168.66
[01-02 22:26:29]: [FINE] The user ToBiik_02 has 3 accounts:
[01-02 22:26:29]: [FINE] §7§aToBiik_§7, jairo_00, §aToBiik_02§7.
[01-02 22:26:29]: [FINE] ToBiik_02 logged in 127.135.168.66
[01-02 22:29:22]: [FINE] The user ToBiik_ has 3 accounts:
[01-02 22:29:22]: [FINE] §7§aToBiik_§7, jairo_00, tobiik_02.
[01-02 22:29:22]: [FINE] ToBiik_ logged in 127.135.168.66
[01-02 22:39:30]: [INFO] AuthMe 5.6.0-bCUSTOM disabled!
[01-04 21:40:29]: [INFO] SQLite Setup finished
[01-04 21:40:29]: [INFO] No supported permissions system found! Permissions are disabled!
[01-04 21:40:29]: [WARN] WARNING! The protectInventory feature requires ProtocolLib! Disabling it...
[01-04 21:40:29]: [INFO] AuthMe 5.6.0 build n.CUSTOM successfully enabled!
[01-04 21:40:30]: [INFO] Downloading GEO IP database, because the old database is older than 30 days or doesn't exist
[01-04 21:40:30]: [WARN] No MaxMind credentials found in the configuration file! GeoIp protections will be disabled.
[01-04 21:40:30]: [INFO] There is no newer GEO IP database uploaded to MaxMind. Using the old one for now.
[01-04 21:40:30]: [WARN] Could not download GeoLiteAPI database [FileNotFoundException]: plugins/AuthMe/GeoLite2-Country.mmdb (No such file or directory)
[01-04 21:40:30]: java.io.FileNotFoundException: plugins/AuthMe/GeoLite2-Country.mmdb (No such file or directory)
	at java.io.RandomAccessFile.open0(Native Method)
	at java.io.RandomAccessFile.open(RandomAccessFile.java:316)
	at java.io.RandomAccessFile.<init>(RandomAccessFile.java:243)
	at fr.xephi.authme.libs.com.maxmind.db.BufferHolder.<init>(BufferHolder.java:20)
	at fr.xephi.authme.libs.com.maxmind.db.Reader.<init>(Reader.java:121)
	at fr.xephi.authme.service.GeoIpService.startReading(GeoIpService.java:179)
	at fr.xephi.authme.service.GeoIpService.updateDatabase(GeoIpService.java:150)
	at org.bukkit.craftbukkit.v1_8_R3.scheduler.CraftTask.run(CraftTask.java:59)
	at org.bukkit.craftbukkit.v1_8_R3.scheduler.CraftAsyncTask.run(CraftAsyncTask.java:53)
	at org.github.paperspigot.ServerSchedulerReportingWrapper.run(ServerSchedulerReportingWrapper.java:23)
	at java.util.concurrent.ThreadPoolExecutor.runWorker(ThreadPoolExecutor.java:1149)
	at java.util.concurrent.ThreadPoolExecutor$Worker.run(ThreadPoolExecutor.java:624)
	at java.lang.Thread.run(Thread.java:750)

[01-04 21:40:44]: [FINE] The user ToBiik_ has 3 accounts:
[01-04 21:40:44]: [FINE] §7§aToBiik_§7, jairo_00, tobiik_02.
[01-04 21:40:44]: [FINE] ToBiik_ logged in 127.135.168.66
[01-04 21:43:05]: [FINE] INSANO_AP registered 127.79.209.127
[01-04 21:43:05]: [FINE] INSANO_AP logged in 127.79.209.127
